I NPUTransfer: Starting NPU Transfer Client, Transfer version 2.1.0 (b5861e7@2020-11-23T11:50:51)
D RKNNAPI: ==============================================
D RKNNAPI: RKNN VERSION:
D RKNNAPI:   API: 1.7.1 (566a9b6 build: 2021-10-28 14:56:17)
D RKNNAPI:   DRV: 1.7.1 (0cfd4a1 build: 2021-11-24 09:05:48)
D RKNNAPI: ==============================================
--> Load RKNN model
done
--> Init runtime environment
done
--> Running model
True
ret = True W = 1280 H = 720 channel = 3
ret = True W = 1280 H = 720 channel = 3
ret = True W = 1280 H = 720 channel = 3
ret = True W = 1280 H = 720 channel = 3
ret = True W = 1280 H = 720 channel = 3
ret = True W = 1280 H = 720 channel = 3
ret = True W = 1280 H = 720 channel = 3
ret = True W = 1280 H = 720 channel = 3
ret = True W = 1280 H = 720 channel = 3
ret = True W = 1280 H = 720 channel = 3
ret = True W = 1280 H = 720 channel = 3
ret = True W = 1280 H = 720 channel = 3
ret = True W = 1280 H = 720 channel = 3
ret = True W = 1280 H = 720 channel = 3
ret = True W = 1280 H = 720 channel = 3
ret = True W = 1280 H = 720 channel = 3
ret = True W = 1280 H = 720 channel = 3
ret = True W = 1280 H = 720 channel = 3
ret = True W = 1280 H = 720 channel = 3
ret = True W = 1280 H = 720 channel = 3
ret = True W = 1280 H = 720 channel = 3
ret = True W = 1280 H = 720 channel = 3
ret = True W = 1280 H = 720 channel = 3
ret = True W = 1280 H = 720 channel = 3
ret = True W = 1280 H = 720 channel = 3
ret = True W = 1280 H = 720 channel = 3
ret = True W = 1280 H = 720 channel = 3
ret = True W = 1280 H = 720 channel = 3
ret = True W = 1280 H = 720 channel = 3
ret = True W = 1280 H = 720 channel = 3
ret = True W = 1280 H = 720 channel = 3
ret = True W = 1280 H = 720 channel = 3
ret = True W = 1280 H = 720 channel = 3
ret = True W = 1280 H = 720 channel = 3
ret = True W = 1280 H = 720 channel = 3
ret = True W = 1280 H = 720 channel = 3
ret = True W = 1280 H = 720 channel = 3
ret = True W = 1280 H = 720 channel = 3
ret = True W = 1280 H = 720 channel = 3
ret = True W = 1280 H = 720 channel = 3
ret = True W = 1280 H = 720 channel = 3
ret = True W = 1280 H = 720 channel = 3
ret = True W = 1280 H = 720 channel = 3
ret = True W = 1280 H = 720 channel = 3
ret = True W = 1280 H = 720 channel = 3
ret = True W = 1280 H = 720 channel = 3
ret = True W = 1280 H = 720 channel = 3
ret = True W = 1280 H = 720 channel = 3
ret = True W = 1280 H = 720 channel = 3
ret = True W = 1280 H = 720 channel = 3
ret = True W = 1280 H = 720 channel = 3
ret = True W = 1280 H = 720 channel = 3
ret = True W = 1280 H = 720 channel = 3
ret = True W = 1280 H = 720 channel = 3
ret = True W = 1280 H = 720 channel = 3
ret = True W = 1280 H = 720 channel = 3
ret = True W = 1280 H = 720 channel = 3
ret = True W = 1280 H = 720 channel = 3
ret = True W = 1280 H = 720 channel = 3
Traceback (most recent call last):
  File "test_midasv2_liteV.py", line 98, in <module>
    save_depth_video(rknn_lite)
  File "test_midasv2_liteV.py", line 38, in save_depth_video
    print('ret =', ret, 'W =', img.shape[1], 'H =', img.shape[0], 'channel =', img.shape[2])
AttributeError: 'NoneType' object has no attribute 'shape'
